Qflow migration logfile created on Tue Oct 3 04:11:53 PM PDT 2023
magic -dnull -noconsole  migrate_pipeline.tcl

Magic 8.3 revision 50 - Compiled on Mon Oct  2 03:08:09 PM PDT 2023.
Starting magic under Tcl interpreter
Using the terminal as the console.
Using NULL graphics device.
Processing system .magicrc file
Input style lambda=0.10(p): scaleFactor=10, multiplier=1
Contact size value ignored (using GDS generation rules).
Contact size value ignored (using GDS generation rules).
Contact size value ignored (using GDS generation rules).
Contact size value ignored (using GDS generation rules).
Contact size value ignored (using GDS generation rules).
Contact size value ignored (using GDS generation rules).
Loading "migrate_pipeline.tcl" from command line.
Root cell box:
           width x height  (   llx,  lly  ), (   urx,  ury  )

microns:    0.00 x 0.00    (  0.00,  0.00 ), (  0.00,  0.00 )
lambda:        0 x 0       (     0,  0    ), (     0,  0    )
Reading LEF data from file /usr/local/share/qflow/tech/osu018/osu018_stdcells.lef.
This action cannot be undone.
LEF read, Line 16 (Message): Unknown keyword "OBS" in LEF file; ignoring.
LEF read, Line 17 (Message): Unknown keyword "PIN" in LEF file; ignoring.
LEF read: Processed 2941 lines.
Reading DEF data from file pipeline.def.
This action cannot be undone.
  Processed 5 vias total.
  Processed 579 subcell instances total.
  Processed 43 pins total.
  Processed 540 nets total.
DEF read, Line 7216 (Warning): Number of nets read (135) does not match the number declared (137).
DEF read: Processed 7217 lines.
DEF Read: encountered 1 warning total.
Generating LEF output pipeline.lef for cell pipeline:
Diagnostic:  Write LEF header for cell pipeline
Diagnostic:  Writing LEF output for cell pipeline
Diagnostic:  Scale value is 0.100000
Extracting OAI22X1 into OAI22X1.ext:
Completed 100%
Extracting INVX2 into INVX2.ext:
Completed 100%
Extracting BUFX4 into BUFX4.ext:
Completed 100%
Extracting INVX4 into INVX4.ext:
Completed 100%
Extracting AOI22X1 into AOI22X1.ext:
Completed 100%
Extracting OR2X2 into OR2X2.ext:
Completed 100%
Extracting CLKBUF1 into CLKBUF1.ext:
Completed 100%
Extracting NOR3X1 into NOR3X1.ext:
Completed 100%
Extracting NAND3X1 into NAND3X1.ext:
Completed 100%
Extracting AOI21X1 into AOI21X1.ext:
Completed 100%
Extracting BUFX2 into BUFX2.ext:
Completed 100%
Extracting AND2X2 into AND2X2.ext:
Completed 100%
Extracting FILL into FILL.ext:
Completed 100%
Extracting NOR2X1 into NOR2X1.ext:
Completed 100%
Extracting XNOR2X1 into XNOR2X1.ext:
Completed 100%
Extracting INVX1 into INVX1.ext:
Completed 100%
Extracting DFFPOSX1 into DFFPOSX1.ext:
Completed 100%
Extracting OAI21X1 into OAI21X1.ext:
Completed 100%
Extracting NAND2X1 into NAND2X1.ext:
Completed 100%
Extracting XOR2X1 into XOR2X1.ext:
Completed 100%
Extracting pipeline into pipeline.ext:
Completed 5%
Completed 11%
Completed 16%
Completed 21%
Completed 27%
Completed 32%
Completed 38%
Completed 43%
Completed 48%
Completed 54%
Completed 59%
Completed 64%
Completed 70%
Completed 75%
Completed 80%
Completed 86%
Completed 91%
Completed 96%
Completed 100%
exttospice finished.
Migration script ended on Tue Oct 3 04:11:54 PM PDT 2023
